[debug] [2025-12-02T22:15:45.066Z] ----------------------------------------------------------------------
[debug] [2025-12-02T22:15:45.067Z] Command:       /usr/local/bin/node /usr/local/bin/firebase init
[debug] [2025-12-02T22:15:45.067Z] CLI Version:   14.26.0
[debug] [2025-12-02T22:15:45.067Z] Platform:      darwin
[debug] [2025-12-02T22:15:45.067Z] Node Version:  v24.11.1
[debug] [2025-12-02T22:15:45.067Z] Time:          Tue Dec 02 2025 23:15:45 GMT+0100 (Mitteleuropäische Normalzeit)
[debug] [2025-12-02T22:15:45.067Z] ----------------------------------------------------------------------
[debug] 
[info] 
     ######## #### ########  ######## ########     ###     ######  ########
     ##        ##  ##     ## ##       ##     ##  ##   ##  ##       ##
     ######    ##  ########  ######   ########  #########  ######  ######
     ##        ##  ##    ##  ##       ##     ## ##     ##       ## ##
     ##       #### ##     ## ######## ########  ##     ##  ######  ########

You're about to initialize a Firebase project in this directory:

  /Users/jochen/dokumenten-manager-web

Before we get started, keep in mind:

  * You are initializing within an existing Firebase project directory

[info] 
=== Project Setup
[info] 
[info] First, let's associate this project directory with a Firebase project.
[info] You can create multiple project aliases by running firebase use --add, 
[info] 
[debug] [2025-12-02T22:16:42.507Z] > command requires scopes: ["email","openid","https://www.googleapis.com/auth/cloudplatformprojects.readonly","https://www.googleapis.com/auth/firebase","https://www.googleapis.com/auth/cloud-platform"]
[debug] [2025-12-02T22:16:42.507Z] > authorizing via signed-in user (alt2argent@gmail.com)
[debug] [2025-12-02T22:16:42.508Z] Checked if tokens are valid: false, expires at: 1764710605164
[debug] [2025-12-02T22:16:42.508Z] Checked if tokens are valid: false, expires at: 1764710605164
[debug] [2025-12-02T22:16:42.508Z] > refreshing access token with scopes: []
[debug] [2025-12-02T22:16:42.509Z] >>> [apiv2][query] POST https://www.googleapis.com/oauth2/v3/token [none]
[debug] [2025-12-02T22:16:42.509Z] >>> [apiv2][body] POST https://www.googleapis.com/oauth2/v3/token [omitted]
[debug] [2025-12-02T22:16:42.634Z] <<< [apiv2][status] POST https://www.googleapis.com/oauth2/v3/token 200
[debug] [2025-12-02T22:16:42.634Z] <<< [apiv2][body] POST https://www.googleapis.com/oauth2/v3/token [omitted]
[debug] [2025-12-02T22:16:42.647Z] >>> [apiv2][query] GET https://firebase.googleapis.com/v1beta1/projects/dokumenten-manager-3f270 [none]
[debug] [2025-12-02T22:16:43.039Z] <<< [apiv2][status] GET https://firebase.googleapis.com/v1beta1/projects/dokumenten-manager-3f270 200
[debug] [2025-12-02T22:16:43.039Z] <<< [apiv2][body] GET https://firebase.googleapis.com/v1beta1/projects/dokumenten-manager-3f270 {"projectId":"dokumenten-manager-3f270","projectNumber":"941239609420","displayName":"Dokumenten Manager","name":"projects/dokumenten-manager-3f270","resources":{"hostingSite":"dokumenten-manager-3f270"},"state":"ACTIVE","etag":"1_b5b560cb-22bf-4577-aac4-b6afca3f5fa8"}
[info] i  Using project dokumenten-manager-3f270 (Dokumenten Manager) . 
[info] 
=== Dataconnect Setup
[info] i  dataconnect: ensuring required API firebasedataconnect.googleapis.com is enabled... 
[debug] [2025-12-02T22:16:43.049Z] Checked if tokens are valid: true, expires at: 1764717401635
[debug] [2025-12-02T22:16:43.050Z] Checked if tokens are valid: true, expires at: 1764717401635
[info] i  dataconnect: ensuring required API sqladmin.googleapis.com is enabled... 
[debug] [2025-12-02T22:16:43.050Z] Checked if tokens are valid: true, expires at: 1764717401635
[debug] [2025-12-02T22:16:43.050Z] Checked if tokens are valid: true, expires at: 1764717401635
[debug] [2025-12-02T22:16:43.050Z] >>> [apiv2][query] GET https://serviceusage.googleapis.com/v1/projects/dokumenten-manager-3f270/services/firebasedataconnect.googleapis.com [none]
[debug] [2025-12-02T22:16:43.050Z] >>> [apiv2][(partial)header] GET https://serviceusage.googleapis.com/v1/projects/dokumenten-manager-3f270/services/firebasedataconnect.googleapis.com x-goog-quota-user=projects/dokumenten-manager-3f270
[debug] [2025-12-02T22:16:43.052Z] >>> [apiv2][query] GET https://serviceusage.googleapis.com/v1/projects/dokumenten-manager-3f270/services/sqladmin.googleapis.com [none]
[debug] [2025-12-02T22:16:43.052Z] >>> [apiv2][(partial)header] GET https://serviceusage.googleapis.com/v1/projects/dokumenten-manager-3f270/services/sqladmin.googleapis.com x-goog-quota-user=projects/dokumenten-manager-3f270
[debug] [2025-12-02T22:16:43.447Z] <<< [apiv2][status] GET https://serviceusage.googleapis.com/v1/projects/dokumenten-manager-3f270/services/firebasedataconnect.googleapis.com 200
[debug] [2025-12-02T22:16:43.447Z] <<< [apiv2][body] GET https://serviceusage.googleapis.com/v1/projects/dokumenten-manager-3f270/services/firebasedataconnect.googleapis.com [omitted]
[warn] ⚠  dataconnect: missing required API firebasedataconnect.googleapis.com. Enabling now... 
[debug] [2025-12-02T22:16:43.448Z] Checked if tokens are valid: true, expires at: 1764717401635
[debug] [2025-12-02T22:16:43.448Z] Checked if tokens are valid: true, expires at: 1764717401635
[debug] [2025-12-02T22:16:43.449Z] >>> [apiv2][query] POST https://serviceusage.googleapis.com/v1/projects/dokumenten-manager-3f270/services/firebasedataconnect.googleapis.com:enable [none]
[debug] [2025-12-02T22:16:43.449Z] >>> [apiv2][(partial)header] POST https://serviceusage.googleapis.com/v1/projects/dokumenten-manager-3f270/services/firebasedataconnect.googleapis.com:enable x-goog-quota-user=projects/dokumenten-manager-3f270
[debug] [2025-12-02T22:16:43.963Z] <<< [apiv2][status] GET https://serviceusage.googleapis.com/v1/projects/dokumenten-manager-3f270/services/sqladmin.googleapis.com 200
[debug] [2025-12-02T22:16:43.964Z] <<< [apiv2][body] GET https://serviceusage.googleapis.com/v1/projects/dokumenten-manager-3f270/services/sqladmin.googleapis.com [omitted]
[warn] ⚠  dataconnect: missing required API sqladmin.googleapis.com. Enabling now... 
[debug] [2025-12-02T22:16:43.964Z] Checked if tokens are valid: true, expires at: 1764717401635
[debug] [2025-12-02T22:16:43.964Z] Checked if tokens are valid: true, expires at: 1764717401635
[debug] [2025-12-02T22:16:43.964Z] >>> [apiv2][query] POST https://serviceusage.googleapis.com/v1/projects/dokumenten-manager-3f270/services/sqladmin.googleapis.com:enable [none]
[debug] [2025-12-02T22:16:43.964Z] >>> [apiv2][(partial)header] POST https://serviceusage.googleapis.com/v1/projects/dokumenten-manager-3f270/services/sqladmin.googleapis.com:enable x-goog-quota-user=projects/dokumenten-manager-3f270
[debug] [2025-12-02T22:16:44.471Z] <<< [apiv2][status] POST https://serviceusage.googleapis.com/v1/projects/dokumenten-manager-3f270/services/firebasedataconnect.googleapis.com:enable 200
[debug] [2025-12-02T22:16:44.471Z] <<< [apiv2][body] POST https://serviceusage.googleapis.com/v1/projects/dokumenten-manager-3f270/services/firebasedataconnect.googleapis.com:enable [omitted]
[debug] [2025-12-02T22:16:45.193Z] <<< [apiv2][status] POST https://serviceusage.googleapis.com/v1/projects/dokumenten-manager-3f270/services/sqladmin.googleapis.com:enable 200
[debug] [2025-12-02T22:16:45.193Z] <<< [apiv2][body] POST https://serviceusage.googleapis.com/v1/projects/dokumenten-manager-3f270/services/sqladmin.googleapis.com:enable [omitted]
[debug] [2025-12-02T22:16:55.204Z] Checked if tokens are valid: true, expires at: 1764717401635
[debug] [2025-12-02T22:16:55.204Z] Checked if tokens are valid: true, expires at: 1764717401635
[debug] [2025-12-02T22:16:55.205Z] >>> [apiv2][query] GET https://firebasedataconnect.googleapis.com/v1/projects/dokumenten-manager-3f270/locations/-/services [none]
[debug] [2025-12-02T22:16:56.289Z] <<< [apiv2][status] GET https://firebasedataconnect.googleapis.com/v1/projects/dokumenten-manager-3f270/locations/-/services 200
[debug] [2025-12-02T22:16:56.289Z] <<< [apiv2][body] GET https://firebasedataconnect.googleapis.com/v1/projects/dokumenten-manager-3f270/locations/-/services {}
[debug] [2025-12-02T22:16:56.307Z] Checked if tokens are valid: true, expires at: 1764717401635
[debug] [2025-12-02T22:16:56.307Z] Checked if tokens are valid: true, expires at: 1764717401635
[debug] [2025-12-02T22:16:56.307Z] >>> [apiv2][query] GET https://cloudbilling.googleapis.com/v1/projects/dokumenten-manager-3f270/billingInfo [none]
[debug] [2025-12-02T22:16:57.044Z] <<< [apiv2][status] GET https://cloudbilling.googleapis.com/v1/projects/dokumenten-manager-3f270/billingInfo 200
[debug] [2025-12-02T22:16:57.044Z] <<< [apiv2][body] GET https://cloudbilling.googleapis.com/v1/projects/dokumenten-manager-3f270/billingInfo {"name":"projects/dokumenten-manager-3f270/billingInfo","projectId":"dokumenten-manager-3f270","billingAccountName":"billingAccounts/01351B-6C699D-A957CD","billingEnabled":true}
[debug] [2025-12-02T22:16:57.045Z] Checked if tokens are valid: true, expires at: 1764717401635
[debug] [2025-12-02T22:16:57.045Z] Checked if tokens are valid: true, expires at: 1764717401635
[debug] [2025-12-02T22:16:57.045Z] >>> [apiv2][query] GET https://monitoring.googleapis.com/v3/projects/dokumenten-manager-3f270/timeSeries/ filter=metric.type%3D%22serviceruntime.googleapis.com%2Fquota%2Fallocation%2Fusage%22+AND+metric.label.quota_metric+%3D+%22sqladmin.googleapis.com%2Ffdc_lifetime_free_trial_per_project%22&interval.endTime=2025-12-02T22%3A16%3A57.045Z&interval.startTime=2025-11-25T22%3A16%3A57.045Z
[debug] [2025-12-02T22:16:57.885Z] <<< [apiv2][status] GET https://monitoring.googleapis.com/v3/projects/dokumenten-manager-3f270/timeSeries/ 200
[debug] [2025-12-02T22:16:57.886Z] <<< [apiv2][body] GET https://monitoring.googleapis.com/v3/projects/dokumenten-manager-3f270/timeSeries/ {"unit":"1"}
[info] ✔  dataconnect: CloudSQL no cost trial available! 
[debug] [2025-12-02T22:16:57.887Z] Checked if tokens are valid: true, expires at: 1764717401635
[debug] [2025-12-02T22:16:57.887Z] Checked if tokens are valid: true, expires at: 1764717401635
[debug] [2025-12-02T22:16:57.887Z] >>> [apiv2][query] GET https://sqladmin.googleapis.com/v1/projects/dokumenten-manager-3f270/instances [none]
[debug] [2025-12-02T22:16:58.379Z] <<< [apiv2][status] GET https://sqladmin.googleapis.com/v1/projects/dokumenten-manager-3f270/instances 200
[debug] [2025-12-02T22:16:58.379Z] <<< [apiv2][body] GET https://sqladmin.googleapis.com/v1/projects/dokumenten-manager-3f270/instances {}
[debug] [2025-12-02T22:16:58.380Z] Checked if tokens are valid: true, expires at: 1764717401635
[debug] [2025-12-02T22:16:58.380Z] Checked if tokens are valid: true, expires at: 1764717401635
[debug] [2025-12-02T22:16:58.380Z] >>> [apiv2][query] GET https://firebasedataconnect.googleapis.com/v1/projects/dokumenten-manager-3f270/locations [none]
[debug] [2025-12-02T22:16:58.582Z] <<< [apiv2][status] GET https://firebasedataconnect.googleapis.com/v1/projects/dokumenten-manager-3f270/locations 200
[debug] [2025-12-02T22:16:58.583Z] <<< [apiv2][body] GET https://firebasedataconnect.googleapis.com/v1/projects/dokumenten-manager-3f270/locations {"locations":[{"name":"projects/dokumenten-manager-3f270/locations/asia-east1","locationId":"asia-east1","displayName":"Taiwan"},{"name":"projects/dokumenten-manager-3f270/locations/asia-east2","locationId":"asia-east2","displayName":"Hong Kong"},{"name":"projects/dokumenten-manager-3f270/locations/asia-northeast1","locationId":"asia-northeast1","displayName":"Tokyo"},{"name":"projects/dokumenten-manager-3f270/locations/asia-northeast2","locationId":"asia-northeast2","displayName":"Osaka"},{"name":"projects/dokumenten-manager-3f270/locations/asia-northeast3","locationId":"asia-northeast3","displayName":"Seoul"},{"name":"projects/dokumenten-manager-3f270/locations/asia-south1","locationId":"asia-south1","displayName":"Mumbai"},{"name":"projects/dokumenten-manager-3f270/locations/asia-southeast1","locationId":"asia-southeast1","displayName":"Singapore"},{"name":"projects/dokumenten-manager-3f270/locations/asia-southeast2","locationId":"asia-southeast2","displayName":"Jakarta"},{"name":"projects/dokumenten-manager-3f270/locations/australia-southeast1","locationId":"australia-southeast1","displayName":"Sydney"},{"name":"projects/dokumenten-manager-3f270/locations/australia-southeast2","locationId":"australia-southeast2","displayName":"Melbourne"},{"name":"projects/dokumenten-manager-3f270/locations/europe-central2","locationId":"europe-central2","displayName":"Warsaw"},{"name":"projects/dokumenten-manager-3f270/locations/europe-north1","locationId":"europe-north1","displayName":"Finland"},{"name":"projects/dokumenten-manager-3f270/locations/europe-southwest1","locationId":"europe-southwest1","displayName":"Madrid"},{"name":"projects/dokumenten-manager-3f270/locations/europe-west1","locationId":"europe-west1","displayName":"Belgium"},{"name":"projects/dokumenten-manager-3f270/locations/europe-west2","locationId":"europe-west2","displayName":"London"},{"name":"projects/dokumenten-manager-3f270/locations/europe-west3","locationId":"europe-west3","displayName":"Frankfurt"},{"name":"projects/dokumenten-manager-3f270/locations/europe-west4","locationId":"europe-west4","displayName":"Netherlands"},{"name":"projects/dokumenten-manager-3f270/locations/europe-west6","locationId":"europe-west6","displayName":"Zurich"},{"name":"projects/dokumenten-manager-3f270/locations/europe-west8","locationId":"europe-west8","displayName":"Milan"},{"name":"projects/dokumenten-manager-3f270/locations/europe-west9","locationId":"europe-west9","displayName":"Paris"},{"name":"projects/dokumenten-manager-3f270/locations/me-west1","locationId":"me-west1","displayName":"Tel Aviv"},{"name":"projects/dokumenten-manager-3f270/locations/northamerica-northeast1","locationId":"northamerica-northeast1","displayName":"Montréal"},{"name":"projects/dokumenten-manager-3f270/locations/northamerica-northeast2","locationId":"northamerica-northeast2","displayName":"Toronto"},{"name":"projects/dokumenten-manager-3f270/locations/southamerica-east1","locationId":"southamerica-east1","displayName":"São Paulo"},{"name":"projects/dokumenten-manager-3f270/locations/southamerica-west1","locationId":"southamerica-west1","displayName":"Santiago"},{"name":"projects/dokumenten-manager-3f270/locations/us-central1","locationId":"us-central1","displayName":"Iowa"},{"name":"projects/dokumenten-manager-3f270/locations/us-east1","locationId":"us-east1","displayName":"South Carolina"},{"name":"projects/dokumenten-manager-3f270/locations/us-east4","locationId":"us-east4","displayName":"Northern Virginia"},{"name":"projects/dokumenten-manager-3f270/locations/us-south1","locationId":"us-south1","displayName":"Dallas"},{"name":"projects/dokumenten-manager-3f270/locations/us-west1","locationId":"us-west1","displayName":"Oregon"},{"name":"projects/dokumenten-manager-3f270/locations/us-west2","locationId":"us-west2","displayName":"Los Angeles"},{"name":"projects/dokumenten-manager-3f270/locations/us-west3","locationId":"us-west3","displayName":"Salt Lake City"},{"name":"projects/dokumenten-manager-3f270/locations/us-west4","locationId":"us-west4","displayName":"Las Vegas"}]}
[info] ✔  dataconnect: Detected existing apps . (admin_node), . (web) 
[debug] [2025-12-02T22:18:13.889Z] Checked if tokens are valid: true, expires at: 1764717401635
[debug] [2025-12-02T22:18:13.889Z] Checked if tokens are valid: true, expires at: 1764717401635
[debug] [2025-12-02T22:18:13.889Z] >>> [apiv2][query] GET https://firebasedataconnect.googleapis.com/v1/projects/dokumenten-manager-3f270/locations/europe-west3/services/functions/schemas pageSize=100&pageToken=&fields=schemas.name%2Cschemas.datasources%2Cschemas.source
[debug] [2025-12-02T22:18:14.031Z] <<< [apiv2][status] GET https://firebasedataconnect.googleapis.com/v1/projects/dokumenten-manager-3f270/locations/europe-west3/services/functions/schemas 404
[debug] [2025-12-02T22:18:14.031Z] <<< [apiv2][body] GET https://firebasedataconnect.googleapis.com/v1/projects/dokumenten-manager-3f270/locations/europe-west3/services/functions/schemas {"error":{"code":404,"message":"Resource 'services/functions' was not found","status":"NOT_FOUND","details":[{"@type":"type.googleapis.com/google.rpc.ResourceInfo","resourceName":"services/functions"}]}}
[info] ✔  Wrote dataconnect/dataconnect.yaml 
[info] ✔  Wrote dataconnect/seed_data.gql 
[info] ✔  Wrote dataconnect/schema/schema.gql 
[info] ✔  Wrote dataconnect/example/connector.yaml 
[info] ✔  Wrote dataconnect/example/queries.gql 
[info] ✔  Wrote dataconnect/example/mutations.gql 
[info] ✔  Wrote dataconnect/example/connector.yaml 
[info] i  dataconnect: Installing the generated SDKs ... 
[info] i  dataconnect: downloading dataconnect-emulator-2.17.2... {"metadata":{"emulator":{"name":"dataconnect"},"message":"downloading dataconnect-emulator-2.17.2..."}}
[debug] [2025-12-02T22:18:14.061Z] >>> [apiv2][query] GET https://storage.googleapis.com/firemat-preview-drop/emulator/dataconnect-emulator-macos-arm64-v2.17.2 
[debug] [2025-12-02T22:18:14.339Z] <<< [apiv2][status] GET https://storage.googleapis.com/firemat-preview-drop/emulator/dataconnect-emulator-macos-arm64-v2.17.2 200
[debug] [2025-12-02T22:18:14.340Z] <<< [apiv2][body] GET https://storage.googleapis.com/firemat-preview-drop/emulator/dataconnect-emulator-macos-arm64-v2.17.2 [stream]
[debug] [2025-12-02T22:18:15.876Z] defaultcredentials: writing to file /Users/jochen/.config/firebase/alt2argent_gmail_com_application_default_credentials.json
[info] ✔  dataconnect: Installed generated SDKs for . (admin_node), . (web) 
[info] 
=== Firestore Setup
[info] i  firestore: ensuring required API firestore.googleapis.com is enabled... 
[debug] [2025-12-02T22:18:17.908Z] Checked if tokens are valid: true, expires at: 1764717401635
[debug] [2025-12-02T22:18:17.908Z] Checked if tokens are valid: true, expires at: 1764717401635
[debug] [2025-12-02T22:18:17.908Z] >>> [apiv2][query] GET https://firestore.googleapis.com/v1/projects/dokumenten-manager-3f270/databases [none]
[debug] [2025-12-02T22:18:18.476Z] <<< [apiv2][status] GET https://firestore.googleapis.com/v1/projects/dokumenten-manager-3f270/databases 200
[debug] [2025-12-02T22:18:18.476Z] <<< [apiv2][body] GET https://firestore.googleapis.com/v1/projects/dokumenten-manager-3f270/databases {"databases":[{"name":"projects/dokumenten-manager-3f270/databases/(default)","uid":"6a798f72-fcc9-4350-b323-cc8e7687cc1d","createTime":"2025-12-02T08:19:48.760139Z","updateTime":"2025-12-02T08:19:48.760139Z","locationId":"europe-west3","type":"FIRESTORE_NATIVE","concurrencyMode":"PESSIMISTIC","versionRetentionPeriod":"3600s","earliestVersionTime":"2025-12-02T21:18:18.421146Z","appEngineIntegrationMode":"DISABLED","keyPrefix":"h","pointInTimeRecoveryEnablement":"POINT_IN_TIME_RECOVERY_DISABLED","deleteProtectionState":"DELETE_PROTECTION_DISABLED","databaseEdition":"STANDARD","freeTier":true,"realtimeUpdatesMode":"REALTIME_UPDATES_MODE_ENABLED","etag":"IODwmMj3n5EDMLvs6c29npED"}]}
[info] 
[info] Firestore Security Rules allow you to define how and when to allow
[info] requests. You can keep these rules in your project directory
[info] and publish them with firebase deploy.
[info] 
[debug] [2025-12-02T22:18:18.478Z] Checked if tokens are valid: true, expires at: 1764717401635
[debug] [2025-12-02T22:18:18.478Z] Checked if tokens are valid: true, expires at: 1764717401635
[debug] [2025-12-02T22:18:18.478Z] >>> [apiv2][query] GET https://firebaserules.googleapis.com/v1/projects/dokumenten-manager-3f270/releases pageSize=10&pageToken=
[debug] [2025-12-02T22:18:19.232Z] <<< [apiv2][status] GET https://firebaserules.googleapis.com/v1/projects/dokumenten-manager-3f270/releases 200
[debug] [2025-12-02T22:18:19.232Z] <<< [apiv2][body] GET https://firebaserules.googleapis.com/v1/projects/dokumenten-manager-3f270/releases {"releases":[{"name":"projects/dokumenten-manager-3f270/releases/cloud.firestore","rulesetName":"projects/dokumenten-manager-3f270/rulesets/3d6e191a-5c48-4d5a-ba50-147495924b6f","createTime":"2025-12-02T08:19:55.031713Z","updateTime":"2025-12-02T08:19:55.031713Z"},{"name":"projects/dokumenten-manager-3f270/releases/firebase.storage/dokumenten-manager-3f270.firebasestorage.app","rulesetName":"projects/dokumenten-manager-3f270/rulesets/f67fc9d6-5abc-4b69-98b7-cc4c92fab4d8","createTime":"2025-12-02T09:44:12.926366Z","updateTime":"2025-12-02T09:44:12.926366Z"}]}
[debug] [2025-12-02T22:18:19.253Z] Checked if tokens are valid: true, expires at: 1764717401635
[debug] [2025-12-02T22:18:19.253Z] Checked if tokens are valid: true, expires at: 1764717401635
[debug] [2025-12-02T22:18:19.253Z] >>> [apiv2][query] GET https://firebaserules.googleapis.com/v1/projects/dokumenten-manager-3f270/rulesets/3d6e191a-5c48-4d5a-ba50-147495924b6f [none]
[debug] [2025-12-02T22:18:19.926Z] <<< [apiv2][status] GET https://firebaserules.googleapis.com/v1/projects/dokumenten-manager-3f270/rulesets/3d6e191a-5c48-4d5a-ba50-147495924b6f 200
[debug] [2025-12-02T22:18:19.926Z] <<< [apiv2][body] GET https://firebaserules.googleapis.com/v1/projects/dokumenten-manager-3f270/rulesets/3d6e191a-5c48-4d5a-ba50-147495924b6f [omitted]
[info] i  Downloaded the existing Firestore Security Rules from the Firebase console 
[info] i  firestore.rules is unchanged 
[info] 
[info] Firestore indexes allow you to perform complex queries while
[info] maintaining performance that scales with the size of the result
[info] set. You can keep index definitions in your project directory
[info] and publish them with firebase deploy.
[info] 
[debug] [2025-12-02T22:18:19.929Z] Checked if tokens are valid: true, expires at: 1764717401635
[debug] [2025-12-02T22:18:19.929Z] Checked if tokens are valid: true, expires at: 1764717401635
[debug] [2025-12-02T22:18:19.929Z] Checked if tokens are valid: true, expires at: 1764717401635
[debug] [2025-12-02T22:18:19.929Z] Checked if tokens are valid: true, expires at: 1764717401635
[debug] [2025-12-02T22:18:19.930Z] >>> [apiv2][query] GET https://firestore.googleapis.com/v1/projects/dokumenten-manager-3f270/databases/(default)/collectionGroups/-/indexes [none]
[debug] [2025-12-02T22:18:19.930Z] >>> [apiv2][query] GET https://firestore.googleapis.com/v1/projects/dokumenten-manager-3f270/databases/(default)/collectionGroups/-/fields?filter=indexConfig.usesAncestorConfig=false OR ttlConfig:* [none]
[debug] [2025-12-02T22:18:20.000Z] <<< [apiv2][status] GET https://firestore.googleapis.com/v1/projects/dokumenten-manager-3f270/databases/(default)/collectionGroups/-/indexes 200
[debug] [2025-12-02T22:18:20.000Z] <<< [apiv2][body] GET https://firestore.googleapis.com/v1/projects/dokumenten-manager-3f270/databases/(default)/collectionGroups/-/indexes {}
[debug] [2025-12-02T22:18:20.033Z] <<< [apiv2][status] GET https://firestore.googleapis.com/v1/projects/dokumenten-manager-3f270/databases/(default)/collectionGroups/-/fields?filter=indexConfig.usesAncestorConfig=false OR ttlConfig:* 200
[debug] [2025-12-02T22:18:20.033Z] <<< [apiv2][body] GET https://firestore.googleapis.com/v1/projects/dokumenten-manager-3f270/databases/(default)/collectionGroups/-/fields?filter=indexConfig.usesAncestorConfig=false OR ttlConfig:* {"fields":[{"name":"projects/dokumenten-manager-3f270/databases/(default)/collectionGroups/__default__/fields/*","indexConfig":{"indexes":[{"queryScope":"COLLECTION","fields":[{"fieldPath":"*","order":"ASCENDING"}],"state":"READY"},{"queryScope":"COLLECTION","fields":[{"fieldPath":"*","order":"DESCENDING"}],"state":"READY"},{"queryScope":"COLLECTION","fields":[{"fieldPath":"*","arrayConfig":"CONTAINS"}],"state":"READY"}]}}]}
[info] i  Downloaded the existing Firestore indexes from the Firebase console 
[info] i  firestore.indexes.json is unchanged 
[info] ✔  Wrote firestore.indexes.json 
[info] 
=== Genkit Setup
[debug] [2025-12-02T22:18:38.367Z] > command requires scopes: ["email","openid","https://www.googleapis.com/auth/cloudplatformprojects.readonly","https://www.googleapis.com/auth/firebase","https://www.googleapis.com/auth/cloud-platform"]
[debug] [2025-12-02T22:18:38.368Z] > authorizing via signed-in user (alt2argent@gmail.com)
[debug] [2025-12-02T22:18:38.368Z] [iam] checking project dokumenten-manager-3f270 for permissions ["firebase.projects.get"]
[debug] [2025-12-02T22:18:38.369Z] Checked if tokens are valid: true, expires at: 1764717401635
[debug] [2025-12-02T22:18:38.369Z] Checked if tokens are valid: true, expires at: 1764717401635
[debug] [2025-12-02T22:18:38.369Z] >>> [apiv2][query] POST https://cloudresourcemanager.googleapis.com/v1/projects/dokumenten-manager-3f270:testIamPermissions [none]
[debug] [2025-12-02T22:18:38.369Z] >>> [apiv2][(partial)header] POST https://cloudresourcemanager.googleapis.com/v1/projects/dokumenten-manager-3f270:testIamPermissions x-goog-quota-user=projects/dokumenten-manager-3f270
[debug] [2025-12-02T22:18:38.369Z] >>> [apiv2][body] POST https://cloudresourcemanager.googleapis.com/v1/projects/dokumenten-manager-3f270:testIamPermissions {"permissions":["firebase.projects.get"]}
[debug] [2025-12-02T22:18:38.589Z] <<< [apiv2][status] POST https://cloudresourcemanager.googleapis.com/v1/projects/dokumenten-manager-3f270:testIamPermissions 200
[debug] [2025-12-02T22:18:38.590Z] <<< [apiv2][body] POST https://cloudresourcemanager.googleapis.com/v1/projects/dokumenten-manager-3f270:testIamPermissions {"permissions":["firebase.projects.get"]}
[info] 
Detected existing codebase(s): default

[info] Let's create a new codebase for your functions.
[info] A directory corresponding to the codebase will be created in your project
[info] with sample code pre-configured.

[info] See https://firebase.google.com/docs/functions/organize-functions for
[info] more information on organizing your functions using codebases.

[info] Functions can be deployed with firebase deploy.

[error] Invalid codebase name. Codebase must be less than 64 characters and can contain only lowercase letters, numeric characters, underscores, and dashes.
[info] ✔  Wrote docmanager/package.json 
[info] ✔  Wrote docmanager/.eslintrc.js 
[info] ✔  Wrote docmanager/tsconfig.dev.json 
[info] ✔  Wrote docmanager/tsconfig.json 
[info] ✔  Wrote docmanager/src/index.ts 
[info] ✔  Wrote docmanager/.gitignore 
[info] 
[info] i  genkit: Installing Genkit CLI version 1.24.0
 
[info] i  genkit: Installing NPM packages for genkit 
[info] ✔  genkit: Successfully installed NPM packages 
[info] i  genkit: Updating tsconfig.json 
[warn] ⚠  genkit: Skipped updating tsconfig.json 
[info] i  genkit: Updating package.json 
[warn] ⚠  genkit: Skipped updating package.json 
[info] 
[info] 
Login to Google Cloud using:
[info]     gcloud auth application-default login --project dokumenten-manager-3f270

[info] Then start the Genkit developer experience by running:
[info]     cd docmanager && npm run genkit:start
[info] 
=== Functions Setup
[debug] [2025-12-02T22:23:58.168Z] > command requires scopes: ["email","openid","https://www.googleapis.com/auth/cloudplatformprojects.readonly","https://www.googleapis.com/auth/firebase","https://www.googleapis.com/auth/cloud-platform"]
[debug] [2025-12-02T22:23:58.168Z] > authorizing via signed-in user (alt2argent@gmail.com)
[debug] [2025-12-02T22:23:58.168Z] [iam] checking project dokumenten-manager-3f270 for permissions ["firebase.projects.get"]
[debug] [2025-12-02T22:23:58.169Z] Checked if tokens are valid: true, expires at: 1764717401635
[debug] [2025-12-02T22:23:58.169Z] Checked if tokens are valid: true, expires at: 1764717401635
[debug] [2025-12-02T22:23:58.169Z] >>> [apiv2][query] POST https://cloudresourcemanager.googleapis.com/v1/projects/dokumenten-manager-3f270:testIamPermissions [none]
[debug] [2025-12-02T22:23:58.169Z] >>> [apiv2][(partial)header] POST https://cloudresourcemanager.googleapis.com/v1/projects/dokumenten-manager-3f270:testIamPermissions x-goog-quota-user=projects/dokumenten-manager-3f270
[debug] [2025-12-02T22:23:58.169Z] >>> [apiv2][body] POST https://cloudresourcemanager.googleapis.com/v1/projects/dokumenten-manager-3f270:testIamPermissions {"permissions":["firebase.projects.get"]}
[debug] [2025-12-02T22:23:58.896Z] <<< [apiv2][status] POST https://cloudresourcemanager.googleapis.com/v1/projects/dokumenten-manager-3f270:testIamPermissions 200
[debug] [2025-12-02T22:23:58.896Z] <<< [apiv2][body] POST https://cloudresourcemanager.googleapis.com/v1/projects/dokumenten-manager-3f270:testIamPermissions {"permissions":["firebase.projects.get"]}
[info] 
Detected existing codebase(s): default, docmanager

[info] 
Overwriting codebase docmanager...

[info] i  Skipping write of docmanager/package.json 
[info] i  docmanager/.eslintrc.js is unchanged 
[info] i  docmanager/tsconfig.dev.json is unchanged 
[info] i  docmanager/tsconfig.json is unchanged 
[info] i  docmanager/src/index.ts is unchanged 
[info] i  docmanager/.gitignore is unchanged 
[info] 
=== App Hosting Setup
[debug] [2025-12-02T22:24:47.136Z] Checked if tokens are valid: true, expires at: 1764717401635
[debug] [2025-12-02T22:24:47.136Z] Checked if tokens are valid: true, expires at: 1764717401635
[debug] [2025-12-02T22:24:47.136Z] >>> [apiv2][query] GET https://serviceusage.googleapis.com/v1/projects/dokumenten-manager-3f270/services/firebaseapphosting.googleapis.com [none]
[debug] [2025-12-02T22:24:47.136Z] >>> [apiv2][(partial)header] GET https://serviceusage.googleapis.com/v1/projects/dokumenten-manager-3f270/services/firebaseapphosting.googleapis.com x-goog-quota-user=projects/dokumenten-manager-3f270
[debug] [2025-12-02T22:24:48.028Z] <<< [apiv2][status] GET https://serviceusage.googleapis.com/v1/projects/dokumenten-manager-3f270/services/firebaseapphosting.googleapis.com 200
[debug] [2025-12-02T22:24:48.028Z] <<< [apiv2][body] GET https://serviceusage.googleapis.com/v1/projects/dokumenten-manager-3f270/services/firebaseapphosting.googleapis.com [omitted]
[debug] [2025-12-02T22:24:48.028Z] Checked if tokens are valid: true, expires at: 1764717401635
[debug] [2025-12-02T22:24:48.028Z] Checked if tokens are valid: true, expires at: 1764717401635
[debug] [2025-12-02T22:24:48.028Z] >>> [apiv2][query] POST https://serviceusage.googleapis.com/v1/projects/dokumenten-manager-3f270/services/firebaseapphosting.googleapis.com:enable [none]
[debug] [2025-12-02T22:24:48.028Z] >>> [apiv2][(partial)header] POST https://serviceusage.googleapis.com/v1/projects/dokumenten-manager-3f270/services/firebaseapphosting.googleapis.com:enable x-goog-quota-user=projects/dokumenten-manager-3f270
[debug] [2025-12-02T22:24:48.929Z] <<< [apiv2][status] POST https://serviceusage.googleapis.com/v1/projects/dokumenten-manager-3f270/services/firebaseapphosting.googleapis.com:enable 200
[debug] [2025-12-02T22:24:48.929Z] <<< [apiv2][body] POST https://serviceusage.googleapis.com/v1/projects/dokumenten-manager-3f270/services/firebaseapphosting.googleapis.com:enable [omitted]
[debug] [2025-12-02T22:24:58.941Z] Checked if tokens are valid: true, expires at: 1764717401635
[debug] [2025-12-02T22:24:58.942Z] Checked if tokens are valid: true, expires at: 1764717401635
[debug] [2025-12-02T22:24:58.942Z] Checked if tokens are valid: true, expires at: 1764717401635
[debug] [2025-12-02T22:24:58.942Z] Checked if tokens are valid: true, expires at: 1764717401635
[debug] [2025-12-02T22:24:58.942Z] Checked if tokens are valid: true, expires at: 1764717401635
[debug] [2025-12-02T22:24:58.942Z] Checked if tokens are valid: true, expires at: 1764717401635
[debug] [2025-12-02T22:24:58.943Z] Checked if tokens are valid: true, expires at: 1764717401635
[debug] [2025-12-02T22:24:58.943Z] Checked if tokens are valid: true, expires at: 1764717401635
[debug] [2025-12-02T22:24:58.943Z] >>> [apiv2][query] GET https://serviceusage.googleapis.com/v1/projects/dokumenten-manager-3f270/services/developerconnect.googleapis.com [none]
[debug] [2025-12-02T22:24:58.943Z] >>> [apiv2][(partial)header] GET https://serviceusage.googleapis.com/v1/projects/dokumenten-manager-3f270/services/developerconnect.googleapis.com x-goog-quota-user=projects/dokumenten-manager-3f270
[debug] [2025-12-02T22:24:58.944Z] >>> [apiv2][query] GET https://serviceusage.googleapis.com/v1/projects/dokumenten-manager-3f270/services/secretmanager.googleapis.com [none]
[debug] [2025-12-02T22:24:58.944Z] >>> [apiv2][(partial)header] GET https://serviceusage.googleapis.com/v1/projects/dokumenten-manager-3f270/services/secretmanager.googleapis.com x-goog-quota-user=projects/dokumenten-manager-3f270
[debug] [2025-12-02T22:24:58.945Z] >>> [apiv2][query] GET https://serviceusage.googleapis.com/v1/projects/dokumenten-manager-3f270/services/run.googleapis.com [none]
[debug] [2025-12-02T22:24:58.945Z] >>> [apiv2][(partial)header] GET https://serviceusage.googleapis.com/v1/projects/dokumenten-manager-3f270/services/run.googleapis.com x-goog-quota-user=projects/dokumenten-manager-3f270
[debug] [2025-12-02T22:24:58.946Z] >>> [apiv2][query] GET https://serviceusage.googleapis.com/v1/projects/dokumenten-manager-3f270/services/iam.googleapis.com [none]
[debug] [2025-12-02T22:24:58.946Z] >>> [apiv2][(partial)header] GET https://serviceusage.googleapis.com/v1/projects/dokumenten-manager-3f270/services/iam.googleapis.com x-goog-quota-user=projects/dokumenten-manager-3f270
[debug] [2025-12-02T22:24:59.375Z] <<< [apiv2][status] GET https://serviceusage.googleapis.com/v1/projects/dokumenten-manager-3f270/services/secretmanager.googleapis.com 200
[debug] [2025-12-02T22:24:59.375Z] <<< [apiv2][body] GET https://serviceusage.googleapis.com/v1/projects/dokumenten-manager-3f270/services/secretmanager.googleapis.com [omitted]
[debug] [2025-12-02T22:24:59.890Z] <<< [apiv2][status] GET https://serviceusage.googleapis.com/v1/projects/dokumenten-manager-3f270/services/run.googleapis.com 200
[debug] [2025-12-02T22:24:59.891Z] <<< [apiv2][body] GET https://serviceusage.googleapis.com/v1/projects/dokumenten-manager-3f270/services/run.googleapis.com [omitted]
[debug] [2025-12-02T22:24:59.898Z] <<< [apiv2][status] GET https://serviceusage.googleapis.com/v1/projects/dokumenten-manager-3f270/services/iam.googleapis.com 200
[debug] [2025-12-02T22:24:59.898Z] <<< [apiv2][body] GET https://serviceusage.googleapis.com/v1/projects/dokumenten-manager-3f270/services/iam.googleapis.com [omitted]
[debug] [2025-12-02T22:24:59.904Z] <<< [apiv2][status] GET https://serviceusage.googleapis.com/v1/projects/dokumenten-manager-3f270/services/developerconnect.googleapis.com 200
[debug] [2025-12-02T22:24:59.904Z] <<< [apiv2][body] GET https://serviceusage.googleapis.com/v1/projects/dokumenten-manager-3f270/services/developerconnect.googleapis.com [omitted]
[debug] [2025-12-02T22:24:59.904Z] Checked if tokens are valid: true, expires at: 1764717401635
[debug] [2025-12-02T22:24:59.904Z] Checked if tokens are valid: true, expires at: 1764717401635
[debug] [2025-12-02T22:24:59.905Z] >>> [apiv2][query] POST https://serviceusage.googleapis.com/v1/projects/dokumenten-manager-3f270/services/developerconnect.googleapis.com:enable [none]
[debug] [2025-12-02T22:24:59.905Z] >>> [apiv2][(partial)header] POST https://serviceusage.googleapis.com/v1/projects/dokumenten-manager-3f270/services/developerconnect.googleapis.com:enable x-goog-quota-user=projects/dokumenten-manager-3f270
[debug] [2025-12-02T22:25:00.705Z] <<< [apiv2][status] POST https://serviceusage.googleapis.com/v1/projects/dokumenten-manager-3f270/services/developerconnect.googleapis.com:enable 200
[debug] [2025-12-02T22:25:00.705Z] <<< [apiv2][body] POST https://serviceusage.googleapis.com/v1/projects/dokumenten-manager-3f270/services/developerconnect.googleapis.com:enable [omitted]
[debug] [2025-12-02T22:25:10.718Z] Checked if tokens are valid: true, expires at: 1764717401635
[debug] [2025-12-02T22:25:10.718Z] Checked if tokens are valid: true, expires at: 1764717401635
[debug] [2025-12-02T22:25:10.718Z] >>> [apiv2][query] POST https://iam.googleapis.com/v1/projects/dokumenten-manager-3f270/serviceAccounts/firebase-app-hosting-compute@dokumenten-manager-3f270.iam.gserviceaccount.com:testIamPermissions [none]
[debug] [2025-12-02T22:25:10.718Z] >>> [apiv2][(partial)header] POST https://iam.googleapis.com/v1/projects/dokumenten-manager-3f270/serviceAccounts/firebase-app-hosting-compute@dokumenten-manager-3f270.iam.gserviceaccount.com:testIamPermissions x-goog-quota-user=projects/dokumenten-manager-3f270
[debug] [2025-12-02T22:25:10.718Z] >>> [apiv2][body] POST https://iam.googleapis.com/v1/projects/dokumenten-manager-3f270/serviceAccounts/firebase-app-hosting-compute@dokumenten-manager-3f270.iam.gserviceaccount.com:testIamPermissions {"permissions":["iam.serviceAccounts.actAs"]}
[debug] [2025-12-02T22:25:11.025Z] <<< [apiv2][status] POST https://iam.googleapis.com/v1/projects/dokumenten-manager-3f270/serviceAccounts/firebase-app-hosting-compute@dokumenten-manager-3f270.iam.gserviceaccount.com:testIamPermissions 404
[debug] [2025-12-02T22:25:11.025Z] <<< [apiv2][body] POST https://iam.googleapis.com/v1/projects/dokumenten-manager-3f270/serviceAccounts/firebase-app-hosting-compute@dokumenten-manager-3f270.iam.gserviceaccount.com:testIamPermissions {"error":{"code":404,"message":"Unknown service account","status":"NOT_FOUND"}}
[debug] [2025-12-02T22:25:11.027Z] Checked if tokens are valid: true, expires at: 1764717401635
[debug] [2025-12-02T22:25:11.027Z] Checked if tokens are valid: true, expires at: 1764717401635
[debug] [2025-12-02T22:25:11.027Z] >>> [apiv2][query] POST https://iam.googleapis.com/v1/projects/dokumenten-manager-3f270/serviceAccounts [none]
[debug] [2025-12-02T22:25:11.027Z] >>> [apiv2][body] POST https://iam.googleapis.com/v1/projects/dokumenten-manager-3f270/serviceAccounts {"accountId":"firebase-app-hosting-compute","serviceAccount":{"displayName":"Firebase App Hosting compute service account","description":"Default service account used to run builds and deploys for Firebase App Hosting"}}
[debug] [2025-12-02T22:25:11.531Z] <<< [apiv2][status] POST https://iam.googleapis.com/v1/projects/dokumenten-manager-3f270/serviceAccounts 200
[debug] [2025-12-02T22:25:11.531Z] <<< [apiv2][body] POST https://iam.googleapis.com/v1/projects/dokumenten-manager-3f270/serviceAccounts [omitted]
[debug] [2025-12-02T22:25:11.532Z] Checked if tokens are valid: true, expires at: 1764717401635
[debug] [2025-12-02T22:25:11.532Z] Checked if tokens are valid: true, expires at: 1764717401635
[debug] [2025-12-02T22:25:11.533Z] >>> [apiv2][query] POST https://cloudresourcemanager.googleapis.com/v1/projects/dokumenten-manager-3f270:getIamPolicy [none]
[debug] [2025-12-02T22:25:11.886Z] <<< [apiv2][status] POST https://cloudresourcemanager.googleapis.com/v1/projects/dokumenten-manager-3f270:getIamPolicy 200
[debug] [2025-12-02T22:25:11.886Z] <<< [apiv2][body] POST https://cloudresourcemanager.googleapis.com/v1/projects/dokumenten-manager-3f270:getIamPolicy {"version":1,"etag":"BwZE/eR7SFo=","bindings":[{"role":"roles/artifactregistry.serviceAgent","members":["serviceAccount:service-941239609420@gcp-sa-artifactregistry.iam.gserviceaccount.com"]},{"role":"roles/cloudaicompanion.serviceAgent","members":["serviceAccount:service-941239609420@gcp-sa-cloudaicompanion.iam.gserviceaccount.com"]},{"role":"roles/cloudbuild.builds.builder","members":["serviceAccount:941239609420@cloudbuild.gserviceaccount.com"]},{"role":"roles/cloudbuild.serviceAgent","members":["serviceAccount:service-941239609420@gcp-sa-cloudbuild.iam.gserviceaccount.com"]},{"role":"roles/cloudfunctions.serviceAgent","members":["serviceAccount:service-941239609420@gcf-admin-robot.iam.gserviceaccount.com"]},{"role":"roles/containerregistry.ServiceAgent","members":["serviceAccount:service-941239609420@containerregistry.iam.gserviceaccount.com"]},{"role":"roles/editor","members":["serviceAccount:941239609420-compute@developer.gserviceaccount.com","serviceAccount:941239609420@cloudservices.gserviceaccount.com","serviceAccount:dokumenten-manager-3f270@appspot.gserviceaccount.com"]},{"role":"roles/eventarc.eventReceiver","members":["serviceAccount:941239609420-compute@developer.gserviceaccount.com"]},{"role":"roles/eventarc.serviceAgent","members":["serviceAccount:service-941239609420@gcp-sa-eventarc.iam.gserviceaccount.com"]},{"role":"roles/firebase.managementServiceAgent","members":["serviceAccount:service-941239609420@gcp-sa-firebase.iam.gserviceaccount.com"]},{"role":"roles/firebase.sdkAdminServiceAgent","members":["serviceAccount:firebase-adminsdk-fbsvc@dokumenten-manager-3f270.iam.gserviceaccount.com"]},{"role":"roles/firebasemods.serviceAgent","members":["serviceAccount:service-941239609420@gcp-sa-firebasemods.iam.gserviceaccount.com"]},{"role":"roles/firebaserules.system","members":["serviceAccount:service-941239609420@firebase-rules.iam.gserviceaccount.com"]},{"role":"roles/firebasestorage.serviceAgent","members":["serviceAccount:service-941239609420@gcp-sa-firebasestorage.iam.gserviceaccount.com"]},{"role":"roles/firestore.serviceAgent","members":["serviceAccount:service-941239609420@gcp-sa-firestore.iam.gserviceaccount.com"]},{"role":"roles/iam.serviceAccountTokenCreator","members":["serviceAccount:firebase-adminsdk-fbsvc@dokumenten-manager-3f270.iam.gserviceaccount.com","serviceAccount:service-941239609420@gcp-sa-pubsub.iam.gserviceaccount.com"]},{"role":"roles/owner","members":["user:alt2argent@gmail.com"]},{"role":"roles/pubsub.publisher","members":["serviceAccount:service-941239609420@gs-project-accounts.iam.gserviceaccount.com"]},{"role":"roles/pubsub.serviceAgent","members":["serviceAccount:service-941239609420@gcp-sa-pubsub.iam.gserviceaccount.com"]},{"role":"roles/run.invoker","members":["serviceAccount:941239609420-compute@developer.gserviceaccount.com"]},{"role":"roles/run.serviceAgent","members":["serviceAccount:service-941239609420@serverless-robot-prod.iam.gserviceaccount.com"]},{"role":"roles/storage.admin","members":["serviceAccount:firebase-adminsdk-fbsvc@dokumenten-manager-3f270.iam.gserviceaccount.com"]}]}
[debug] [2025-12-02T22:25:11.888Z] Checked if tokens are valid: true, expires at: 1764717401635
[debug] [2025-12-02T22:25:11.888Z] Checked if tokens are valid: true, expires at: 1764717401635
[debug] [2025-12-02T22:25:11.888Z] >>> [apiv2][query] POST https://cloudresourcemanager.googleapis.com/v1/projects/dokumenten-manager-3f270:setIamPolicy [none]
[debug] [2025-12-02T22:25:11.888Z] >>> [apiv2][body] POST https://cloudresourcemanager.googleapis.com/v1/projects/dokumenten-manager-3f270:setIamPolicy {"policy":{"version":1,"etag":"BwZE/eR7SFo=","bindings":[{"role":"roles/artifactregistry.serviceAgent","members":["serviceAccount:service-941239609420@gcp-sa-artifactregistry.iam.gserviceaccount.com"]},{"role":"roles/cloudaicompanion.serviceAgent","members":["serviceAccount:service-941239609420@gcp-sa-cloudaicompanion.iam.gserviceaccount.com"]},{"role":"roles/cloudbuild.builds.builder","members":["serviceAccount:941239609420@cloudbuild.gserviceaccount.com"]},{"role":"roles/cloudbuild.serviceAgent","members":["serviceAccount:service-941239609420@gcp-sa-cloudbuild.iam.gserviceaccount.com"]},{"role":"roles/cloudfunctions.serviceAgent","members":["serviceAccount:service-941239609420@gcf-admin-robot.iam.gserviceaccount.com"]},{"role":"roles/containerregistry.ServiceAgent","members":["serviceAccount:service-941239609420@containerregistry.iam.gserviceaccount.com"]},{"role":"roles/editor","members":["serviceAccount:941239609420-compute@developer.gserviceaccount.com","serviceAccount:941239609420@cloudservices.gserviceaccount.com","serviceAccount:dokumenten-manager-3f270@appspot.gserviceaccount.com"]},{"role":"roles/eventarc.eventReceiver","members":["serviceAccount:941239609420-compute@developer.gserviceaccount.com"]},{"role":"roles/eventarc.serviceAgent","members":["serviceAccount:service-941239609420@gcp-sa-eventarc.iam.gserviceaccount.com"]},{"role":"roles/firebase.managementServiceAgent","members":["serviceAccount:service-941239609420@gcp-sa-firebase.iam.gserviceaccount.com"]},{"role":"roles/firebase.sdkAdminServiceAgent","members":["serviceAccount:firebase-adminsdk-fbsvc@dokumenten-manager-3f270.iam.gserviceaccount.com","serviceAccount:firebase-app-hosting-compute@dokumenten-manager-3f270.iam.gserviceaccount.com"]},{"role":"roles/firebasemods.serviceAgent","members":["serviceAccount:service-941239609420@gcp-sa-firebasemods.iam.gserviceaccount.com"]},{"role":"roles/firebaserules.system","members":["serviceAccount:service-941239609420@firebase-rules.iam.gserviceaccount.com"]},{"role":"roles/firebasestorage.serviceAgent","members":["serviceAccount:service-941239609420@gcp-sa-firebasestorage.iam.gserviceaccount.com"]},{"role":"roles/firestore.serviceAgent","members":["serviceAccount:service-941239609420@gcp-sa-firestore.iam.gserviceaccount.com"]},{"role":"roles/iam.serviceAccountTokenCreator","members":["serviceAccount:firebase-adminsdk-fbsvc@dokumenten-manager-3f270.iam.gserviceaccount.com","serviceAccount:service-941239609420@gcp-sa-pubsub.iam.gserviceaccount.com"]},{"role":"roles/owner","members":["user:alt2argent@gmail.com"]},{"role":"roles/pubsub.publisher","members":["serviceAccount:service-941239609420@gs-project-accounts.iam.gserviceaccount.com"]},{"role":"roles/pubsub.serviceAgent","members":["serviceAccount:service-941239609420@gcp-sa-pubsub.iam.gserviceaccount.com"]},{"role":"roles/run.invoker","members":["serviceAccount:941239609420-compute@developer.gserviceaccount.com"]},{"role":"roles/run.serviceAgent","members":["serviceAccount:service-941239609420@serverless-robot-prod.iam.gserviceaccount.com"]},{"role":"roles/storage.admin","members":["serviceAccount:firebase-adminsdk-fbsvc@dokumenten-manager-3f270.iam.gserviceaccount.com"]},{"role":"roles/firebaseapphosting.computeRunner","members":["serviceAccount:firebase-app-hosting-compute@dokumenten-manager-3f270.iam.gserviceaccount.com"]},{"role":"roles/developerconnect.readTokenAccessor","members":["serviceAccount:firebase-app-hosting-compute@dokumenten-manager-3f270.iam.gserviceaccount.com"]},{"role":"roles/storage.objectViewer","members":["serviceAccount:firebase-app-hosting-compute@dokumenten-manager-3f270.iam.gserviceaccount.com"]}]},"updateMask":"bindings"}
[debug] [2025-12-02T22:25:12.911Z] <<< [apiv2][status] POST https://cloudresourcemanager.googleapis.com/v1/projects/dokumenten-manager-3f270:setIamPolicy 200
[debug] [2025-12-02T22:25:12.911Z] <<< [apiv2][body] POST https://cloudresourcemanager.googleapis.com/v1/projects/dokumenten-manager-3f270:setIamPolicy {"version":1,"etag":"BwZE/5G/L1g=","bindings":[{"role":"roles/artifactregistry.serviceAgent","members":["serviceAccount:service-941239609420@gcp-sa-artifactregistry.iam.gserviceaccount.com"]},{"role":"roles/cloudaicompanion.serviceAgent","members":["serviceAccount:service-941239609420@gcp-sa-cloudaicompanion.iam.gserviceaccount.com"]},{"role":"roles/cloudbuild.builds.builder","members":["serviceAccount:941239609420@cloudbuild.gserviceaccount.com"]},{"role":"roles/cloudbuild.serviceAgent","members":["serviceAccount:service-941239609420@gcp-sa-cloudbuild.iam.gserviceaccount.com"]},{"role":"roles/cloudfunctions.serviceAgent","members":["serviceAccount:service-941239609420@gcf-admin-robot.iam.gserviceaccount.com"]},{"role":"roles/containerregistry.ServiceAgent","members":["serviceAccount:service-941239609420@containerregistry.iam.gserviceaccount.com"]},{"role":"roles/developerconnect.readTokenAccessor","members":["serviceAccount:firebase-app-hosting-compute@dokumenten-manager-3f270.iam.gserviceaccount.com"]},{"role":"roles/editor","members":["serviceAccount:941239609420-compute@developer.gserviceaccount.com","serviceAccount:941239609420@cloudservices.gserviceaccount.com","serviceAccount:dokumenten-manager-3f270@appspot.gserviceaccount.com"]},{"role":"roles/eventarc.eventReceiver","members":["serviceAccount:941239609420-compute@developer.gserviceaccount.com"]},{"role":"roles/eventarc.serviceAgent","members":["serviceAccount:service-941239609420@gcp-sa-eventarc.iam.gserviceaccount.com"]},{"role":"roles/firebase.managementServiceAgent","members":["serviceAccount:service-941239609420@gcp-sa-firebase.iam.gserviceaccount.com"]},{"role":"roles/firebase.sdkAdminServiceAgent","members":["serviceAccount:firebase-adminsdk-fbsvc@dokumenten-manager-3f270.iam.gserviceaccount.com","serviceAccount:firebase-app-hosting-compute@dokumenten-manager-3f270.iam.gserviceaccount.com"]},{"role":"roles/firebaseapphosting.computeRunner","members":["serviceAccount:firebase-app-hosting-compute@dokumenten-manager-3f270.iam.gserviceaccount.com"]},{"role":"roles/firebasemods.serviceAgent","members":["serviceAccount:service-941239609420@gcp-sa-firebasemods.iam.gserviceaccount.com"]},{"role":"roles/firebaserules.system","members":["serviceAccount:service-941239609420@firebase-rules.iam.gserviceaccount.com"]},{"role":"roles/firebasestorage.serviceAgent","members":["serviceAccount:service-941239609420@gcp-sa-firebasestorage.iam.gserviceaccount.com"]},{"role":"roles/firestore.serviceAgent","members":["serviceAccount:service-941239609420@gcp-sa-firestore.iam.gserviceaccount.com"]},{"role":"roles/iam.serviceAccountTokenCreator","members":["serviceAccount:firebase-adminsdk-fbsvc@dokumenten-manager-3f270.iam.gserviceaccount.com","serviceAccount:service-941239609420@gcp-sa-pubsub.iam.gserviceaccount.com"]},{"role":"roles/owner","members":["user:alt2argent@gmail.com"]},{"role":"roles/pubsub.publisher","members":["serviceAccount:service-941239609420@gs-project-accounts.iam.gserviceaccount.com"]},{"role":"roles/pubsub.serviceAgent","members":["serviceAccount:service-941239609420@gcp-sa-pubsub.iam.gserviceaccount.com"]},{"role":"roles/run.invoker","members":["serviceAccount:941239609420-compute@developer.gserviceaccount.com"]},{"role":"roles/run.serviceAgent","members":["serviceAccount:service-941239609420@serverless-robot-prod.iam.gserviceaccount.com"]},{"role":"roles/storage.admin","members":["serviceAccount:firebase-adminsdk-fbsvc@dokumenten-manager-3f270.iam.gserviceaccount.com"]},{"role":"roles/storage.objectViewer","members":["serviceAccount:firebase-app-hosting-compute@dokumenten-manager-3f270.iam.gserviceaccount.com"]}]}
[info] i  This command links your local project to Firebase App Hosting. You will be able to deploy your web app with `firebase deploy` after setup. 
[debug] [2025-12-02T22:31:39.143Z] Checked if tokens are valid: true, expires at: 1764717401635
[debug] [2025-12-02T22:31:39.143Z] Checked if tokens are valid: true, expires at: 1764717401635
[debug] [2025-12-02T22:31:39.144Z] >>> [apiv2][query] GET https://firebaseapphosting.googleapis.com/v1beta/projects/dokumenten-manager-3f270/locations/-/backends 
[debug] [2025-12-02T22:31:39.761Z] <<< [apiv2][status] GET https://firebaseapphosting.googleapis.com/v1beta/projects/dokumenten-manager-3f270/locations/-/backends 200
[debug] [2025-12-02T22:31:39.761Z] <<< [apiv2][body] GET https://firebaseapphosting.googleapis.com/v1beta/projects/dokumenten-manager-3f270/locations/-/backends {}
[debug] [2025-12-03T06:07:59.952Z] ExitPromptError: User force closed the prompt with SIGINT
    at Interface.sigint (/usr/local/lib/node_modules/firebase-tools/node_modules/@inquirer/core/dist/commonjs/lib/create-prompt.js:101:37)
    at Interface.emit (node:events:508:28)
    at Interface.emit (node:domain:489:12)
    at [_ttyWrite] [as _ttyWrite] (node:internal/readline/interface:1317:18)
    at ReadStream.onkeypress (node:internal/readline/interface:284:20)
    at ReadStream.emit (node:events:520:35)
    at ReadStream.emit (node:domain:489:12)
    at emitKeys (node:internal/readline/utils:371:14)
    at emitKeys.next (<anonymous>)
    at ReadStream.onData (node:internal/readline/emitKeypressEvents:64:36)
[error] 
[error] Error: An unexpected error has occurred.
